<?xml version="1.0" encoding="UTF-8" ?>
<testsuite failures="0" time="0.579" errors="0" skipped="0" tests="5" name="de.teamrocket.relaxo.rest.JobRessourceTest">
  <properties>
[...]
</properties>
  <testcase time="0.469" classname="de.teamrocket.relaxo.rest.JobRessourceTest" name="testJobDetailsFiltering"/>
  <testcase time="0.047" classname="de.teamrocket.relaxo.rest.JobRessourceTest" name="testGetWorkflowJobs"/>
  <testcase time="0.031" classname="de.teamrocket.relaxo.rest.JobRessourceTest" name="testJobDetails"/>
  <testcase time="0.016" classname="de.teamrocket.relaxo.rest.JobRessourceTest" name="testJobDetailsRights"/>
  <testcase time="0.016" classname="de.teamrocket.relaxo.rest.JobRessourceTest" name="testJobDetailsRightsAdmin"/>
</testsuite>